2015/09/10 09:16:20 [alert] 23091#0: lua_code_cache is off; this will hurt performance in /home/ghostcat/VVA/nginx.conf.compiled:16
2015/09/10 09:20:02 [alert] 2999#0: lua_code_cache is off; this will hurt performance in /home/ghostcat/VVA/nginx.conf.compiled:16
2015/09/10 09:26:42 [alert] 3157#0: lua_code_cache is off; this will hurt performance in /home/ghostcat/VVA/nginx.conf.compiled:16
2015/09/10 10:37:14 [alert] 4165#0: lua_code_cache is off; this will hurt performance in /home/ghostcat/VVA/nginx.conf.compiled:16
2015/09/10 10:37:38 [alert] 4231#0: lua_code_cache is off; this will hurt performance in /home/ghostcat/VVA/nginx.conf.compiled:16
2015/09/10 10:45:54 [alert] 4452#0: lua_code_cache is off; this will hurt performance in /home/ghostcat/VVA/nginx.conf.compiled:16
2015/09/10 11:27:46 [alert] 4743#0: lua_code_cache is off; this will hurt performance in /home/ghostcat/VVA/nginx.conf.compiled:16
2015/09/10 11:45:07 [alert] 4987#0: lua_code_cache is off; this will hurt performance in /home/ghostcat/VVA/nginx.conf.compiled:16
2015/09/10 11:59:00 [alert] 5272#0: lua_code_cache is off; this will hurt performance in /home/ghostcat/VVA/nginx.conf.compiled:16
2015/09/10 12:00:39 [alert] 5298#0: lua_code_cache is off; this will hurt performance in /home/ghostcat/VVA/nginx.conf.compiled:16
2015/09/10 14:18:09 [alert] 2885#0: lua_code_cache is off; this will hurt performance in /home/ghostcat/VVA/nginx.conf.compiled:16
2015/09/10 14:25:01 [alert] 3025#0: lua_code_cache is off; this will hurt performance in /home/ghostcat/VVA/nginx.conf.compiled:16
2015/09/10 14:34:20 [alert] 3206#0: lua_code_cache is off; this will hurt performance in /home/ghostcat/VVA/nginx.conf.compiled:16
2015/09/10 14:35:08 [alert] 3238#0: lua_code_cache is off; this will hurt performance in /home/ghostcat/VVA/nginx.conf.compiled:16
2015/09/10 14:48:07 [alert] 3424#0: lua_code_cache is off; this will hurt performance in /home/ghostcat/VVA/nginx.conf.compiled:16
2015/09/10 14:53:51 [alert] 3546#0: lua_code_cache is off; this will hurt performance in /home/ghostcat/VVA/nginx.conf.compiled:16
2015/09/10 14:54:57 [alert] 3640#0: lua_code_cache is off; this will hurt performance in /home/ghostcat/VVA/nginx.conf.compiled:16
2015/09/10 14:57:32 [alert] 3715#0: lua_code_cache is off; this will hurt performance in /home/ghostcat/VVA/nginx.conf.compiled:16
2015/09/10 14:57:55 [alert] 3738#0: lua_code_cache is off; this will hurt performance in /home/ghostcat/VVA/nginx.conf.compiled:16
2015/09/10 14:58:47 [alert] 3763#0: lua_code_cache is off; this will hurt performance in /home/ghostcat/VVA/nginx.conf.compiled:16
2015/09/10 15:00:53 [alert] 3807#0: lua_code_cache is off; this will hurt performance in /home/ghostcat/VVA/nginx.conf.compiled:16
2015/09/16 23:24:28 [alert] 28791#0: lua_code_cache is off; this will hurt performance in /home/takethispie/VVA/nginx.conf.compiled:16
2015/09/17 08:22:00 [alert] 3870#0: lua_code_cache is off; this will hurt performance in /home/takethispie/VVA/nginx.conf.compiled:16
2015/09/17 10:59:28 [alert] 13066#0: lua_code_cache is off; this will hurt performance in /home/takethispie/VVA/nginx.conf.compiled:16
2015/09/17 10:59:28 [emerg] 13066#0: unknown directive "alia" in /home/takethispie/VVA/nginx.conf.compiled:34
2015/09/17 10:59:40 [alert] 13094#0: lua_code_cache is off; this will hurt performance in /home/takethispie/VVA/nginx.conf.compiled:16
2015/09/17 11:01:09 [alert] 13132#0: lua_code_cache is off; this will hurt performance in /home/takethispie/VVA/nginx.conf.compiled:16
2015/09/17 12:17:04 [alert] 3169#0: lua_code_cache is off; this will hurt performance in /home/takethispie/VVA/nginx.conf.compiled:16
2015/09/17 12:42:35 [alert] 5416#0: lua_code_cache is off; this will hurt performance in /home/takethispie/VVA/nginx.conf.compiled:16
2015/09/17 14:14:01 [alert] 3067#0: lua_code_cache is off; this will hurt performance in /home/takethispie/VVA/nginx.conf.compiled:16
2015/09/17 14:22:52 [alert] 2984#0: lua_code_cache is off; this will hurt performance in /home/takethispie/VVA/nginx.conf.compiled:16
2015/09/17 17:33:35 [alert] 3052#0: lua_code_cache is off; this will hurt performance in /home/takethispie/VVA/nginx.conf.compiled:16
2015/09/18 08:09:24 [alert] 3136#0: lua_code_cache is off; this will hurt performance in /home/takethispie/VVA/nginx.conf.compiled:16
2015/09/18 08:29:25 [alert] 3894#0: lua_code_cache is off; this will hurt performance in /home/takethispie/VVA/nginx.conf.compiled:16
2015/09/18 08:34:05 [alert] 4004#0: lua_code_cache is off; this will hurt performance in /home/takethispie/VVA/nginx.conf.compiled:16
2015/09/18 23:48:48 [alert] 3096#0: lua_code_cache is off; this will hurt performance in /home/takethispie/VVA/nginx.conf.compiled:16
2015/09/18 23:55:31 [alert] 3248#0: lua_code_cache is off; this will hurt performance in /home/takethispie/VVA/nginx.conf.compiled:16
2015/09/19 00:05:03 [alert] 3320#0: lua_code_cache is off; this will hurt performance in /home/takethispie/VVA/nginx.conf.compiled:16
2015/09/19 09:37:38 [alert] 3513#0: lua_code_cache is off; this will hurt performance in /home/takethispie/VVA/nginx.conf.compiled:16
2015/09/20 18:01:38 [alert] 3252#0: lua_code_cache is off; this will hurt performance in /home/takethispie/VVA/nginx.conf.compiled:16
2015/09/20 20:27:34 [alert] 4328#0: lua_code_cache is off; this will hurt performance in /home/takethispie/VVA/nginx.conf.compiled:16
2015/09/21 08:11:10 [alert] 3046#0: lua_code_cache is off; this will hurt performance in /home/takethispie/VVA/nginx.conf.compiled:16
2015/09/21 09:33:09 [alert] 4202#0: lua_code_cache is off; this will hurt performance in /home/takethispie/VVA/nginx.conf.compiled:16
2015/09/21 15:30:09 [alert] 3034#0: lua_code_cache is off; this will hurt performance in /home/takethispie/VVA/nginx.conf.compiled:16
2015/09/21 16:11:25 [alert] 3777#0: lua_code_cache is off; this will hurt performance in /home/takethispie/VVA/nginx.conf.compiled:16
2015/09/21 16:24:29 [alert] 3873#0: lua_code_cache is off; this will hurt performance in /home/takethispie/VVA/nginx.conf.compiled:16
2015/09/21 17:01:05 [alert] 4194#0: lua_code_cache is off; this will hurt performance in /home/takethispie/VVA/nginx.conf.compiled:16
2015/09/21 20:44:14 [alert] 3192#0: lua_code_cache is off; this will hurt performance in /home/takethispie/VVA/nginx.conf.compiled:16
2015/09/24 08:06:24 [alert] 3208#0: lua_code_cache is off; this will hurt performance in /home/takethispie/VVA/nginx.conf.compiled:16
2015/09/24 08:37:47 [alert] 4349#0: lua_code_cache is off; this will hurt performance in /home/takethispie/VVA/nginx.conf.compiled:16
2015/09/24 09:21:55 [alert] 7540#0: lua_code_cache is off; this will hurt performance in /home/takethispie/VVA/nginx.conf.compiled:16
2015/09/24 14:14:25 [alert] 3079#0: lua_code_cache is off; this will hurt performance in /home/takethispie/VVA/nginx.conf.compiled:16
2015/09/24 16:35:08 [alert] 3061#0: lua_code_cache is off; this will hurt performance in /home/takethispie/VVA/nginx.conf.compiled:16
2015/09/24 20:40:47 [alert] 3188#0: lua_code_cache is off; this will hurt performance in /home/takethispie/VVA/nginx.conf.compiled:16
2015/09/25 07:20:11 [alert] 2998#0: lua_code_cache is off; this will hurt performance in /home/takethispie/VVA/nginx.conf.compiled:16
2015/09/25 08:11:08 [alert] 3034#0: lua_code_cache is off; this will hurt performance in /home/takethispie/VVA/nginx.conf.compiled:16
2015/09/25 10:23:20 [alert] 3042#0: lua_code_cache is off; this will hurt performance in /home/takethispie/VVA/nginx.conf.compiled:16
2015/09/25 10:40:18 [alert] 3242#0: lua_code_cache is off; this will hurt performance in /home/takethispie/VVA/nginx.conf.compiled:16
2015/09/25 10:46:31 [alert] 3283#0: lua_code_cache is off; this will hurt performance in /home/takethispie/VVA/nginx.conf.compiled:16
2015/09/25 10:51:36 [alert] 3374#0: lua_code_cache is off; this will hurt performance in /home/takethispie/VVA/nginx.conf.compiled:16
2015/09/25 10:59:39 [alert] 3607#0: lua_code_cache is off; this will hurt performance in /home/takethispie/VVA/nginx.conf.compiled:16
2015/09/25 10:59:52 [alert] 3629#0: lua_code_cache is off; this will hurt performance in /home/takethispie/VVA/nginx.conf.compiled:16
2015/09/28 15:28:08 [alert] 3020#0: lua_code_cache is off; this will hurt performance in /home/takethispie/VVA/nginx.conf.compiled:16
2015/09/28 17:55:04 [alert] 3087#0: lua_code_cache is off; this will hurt performance in /home/takethispie/VVA/nginx.conf.compiled:16
2015/09/30 10:22:17 [alert] 3378#0: lua_code_cache is off; this will hurt performance in /home/takethispie/VVA/nginx.conf.compiled:16
2015/09/30 10:23:07 [alert] 3402#0: lua_code_cache is off; this will hurt performance in /home/takethispie/VVA/nginx.conf.compiled:16
2015/10/01 08:09:52 [alert] 3234#0: lua_code_cache is off; this will hurt performance in /home/takethispie/VVA/nginx.conf.compiled:16
2015/10/02 08:11:23 [alert] 3042#0: lua_code_cache is off; this will hurt performance in /home/takethispie/VVA/nginx.conf.compiled:16
2015/10/05 07:15:54 [alert] 2933#0: lua_code_cache is off; this will hurt performance in /home/takethispie/VVA/nginx.conf.compiled:16
2015/10/05 08:21:21 [alert] 3252#0: lua_code_cache is off; this will hurt performance in /home/takethispie/VVA/nginx.conf.compiled:16
2015/10/05 08:33:10 [alert] 3391#0: lua_code_cache is off; this will hurt performance in /home/takethispie/VVA/nginx.conf.compiled:16
2015/10/06 08:53:30 [alert] 3019#0: lua_code_cache is off; this will hurt performance in /home/takethispie/VVA/nginx.conf.compiled:16
2015/10/08 08:26:42 [alert] 3703#0: lua_code_cache is off; this will hurt performance in /home/takethispie/VVA/nginx.conf.compiled:16
2015/10/08 08:58:46 [alert] 4900#0: lua_code_cache is off; this will hurt performance in /home/takethispie/VVA/nginx.conf.compiled:16
2015/10/08 08:59:26 [alert] 4925#0: lua_code_cache is off; this will hurt performance in /home/takethispie/VVA/nginx.conf.compiled:16
2015/10/08 11:21:09 [alert] 7111#0: lua_code_cache is off; this will hurt performance in /home/takethispie/VVA/nginx.conf.compiled:16
2015/11/11 11:48:13 [alert] 3231#0: lua_code_cache is off; this will hurt performance in /home/takethispie/Documents/VVA/nginx.conf.compiled:16
2015/11/12 08:07:57 [alert] 2724#0: lua_code_cache is off; this will hurt performance in /home/takethispie/Documents/VVA/nginx.conf.compiled:16
2015/11/12 22:39:00 [alert] 5897#0: lua_code_cache is off; this will hurt performance in /home/takethispie/Documents/VVA/nginx.conf.compiled:16
2015/11/13 08:05:52 [alert] 2845#0: lua_code_cache is off; this will hurt performance in /home/takethispie/Documents/VVA/nginx.conf.compiled:16
2015/11/16 14:52:45 [alert] 2780#0: lua_code_cache is off; this will hurt performance in /home/takethispie/Documents/VVA/nginx.conf.compiled:16
2015/11/16 14:58:18 [alert] 3371#0: lua_code_cache is off; this will hurt performance in /home/takethispie/Documents/VVA/nginx.conf.compiled:16
2015/11/16 19:08:51 [alert] 3243#0: lua_code_cache is off; this will hurt performance in /home/takethispie/Documents/VVA/nginx.conf.compiled:16
2015/11/18 12:29:12 [alert] 2854#0: lua_code_cache is off; this will hurt performance in /home/takethispie/Documents/VVA/nginx.conf.compiled:16
2015/11/18 17:52:12 [alert] 4091#0: lua_code_cache is off; this will hurt performance in /home/takethispie/Documents/VVA/nginx.conf.compiled:16
2015/11/19 08:19:05 [alert] 2932#0: lua_code_cache is off; this will hurt performance in /home/takethispie/Documents/VVA/nginx.conf.compiled:16
2015/11/19 12:52:07 [alert] 3379#0: lua_code_cache is off; this will hurt performance in /home/takethispie/Documents/VVA/nginx.conf.compiled:16
2015/11/19 14:13:03 [alert] 2844#0: lua_code_cache is off; this will hurt performance in /home/takethispie/Documents/VVA/nginx.conf.compiled:16
2015/11/23 08:14:04 [alert] 2809#0: lua_code_cache is off; this will hurt performance in /home/takethispie/Documents/VVA/nginx.conf.compiled:16
2015/11/24 11:23:35 [alert] 3170#0: lua_code_cache is off; this will hurt performance in /home/takethispie/Documents/VVA/nginx.conf.compiled:16
2015/11/25 23:25:03 [alert] 11061#0: lua_code_cache is off; this will hurt performance in /home/takethispie/Documents/VVA/nginx.conf.compiled:16
2015/11/26 06:22:58 [alert] 1877#0: lua_code_cache is off; this will hurt performance in /home/takethispie/Documents/VVA/nginx.conf.compiled:16
2015/11/26 08:47:28 [alert] 2643#0: lua_code_cache is off; this will hurt performance in /home/takethispie/Documents/VVA/nginx.conf.compiled:16
2015/11/26 10:25:30 [alert] 5520#0: lua_code_cache is off; this will hurt performance in /home/takethispie/Documents/VVA/nginx.conf.compiled:16
2015/11/27 09:24:33 [alert] 2673#0: lua_code_cache is off; this will hurt performance in /home/takethispie/Documents/VVA/nginx.conf.compiled:16
2015/11/28 13:26:56 [alert] 2038#0: lua_code_cache is off; this will hurt performance in /home/takethispie/Documents/VVA/nginx.conf.compiled:16
2015/11/30 09:07:54 [alert] 2480#0: lua_code_cache is off; this will hurt performance in /home/takethispie/Documents/VVA/nginx.conf.compiled:16
2015/12/01 11:14:46 [alert] 2031#0: lua_code_cache is off; this will hurt performance in /home/takethispie/Documents/VVA/nginx.conf.compiled:16
2015/12/01 19:52:11 [alert] 1973#0: lua_code_cache is off; this will hurt performance in /home/takethispie/Documents/VVA/nginx.conf.compiled:16
2015/12/01 20:35:57 [alert] 2265#0: lua_code_cache is off; this will hurt performance in /home/takethispie/Documents/VVA/nginx.conf.compiled:16
2015/12/02 17:49:12 [alert] 2183#0: lua_code_cache is off; this will hurt performance in /home/takethispie/Documents/VVA/nginx.conf.compiled:16
2015/12/03 08:04:46 [alert] 2154#0: lua_code_cache is off; this will hurt performance in /home/takethispie/Documents/VVA/nginx.conf.compiled:16
2015/12/03 18:43:17 [alert] 2016#0: lua_code_cache is off; this will hurt performance in /home/takethispie/Documents/VVA/nginx.conf.compiled:16
2015/12/05 12:29:52 [alert] 2320#0: lua_code_cache is off; this will hurt performance in /home/takethispie/Documents/VVA/nginx.conf.compiled:16
2015/12/05 15:31:58 [alert] 2068#0: lua_code_cache is off; this will hurt performance in /home/takethispie/Documents/VVA/nginx.conf.compiled:16
2015/12/05 16:00:44 [alert] 1922#0: lua_code_cache is off; this will hurt performance in /home/takethispie/Documents/VVA/nginx.conf.compiled:16
2015/12/10 08:16:27 [alert] 2376#0: lua_code_cache is off; this will hurt performance in /home/takethispie/Documents/VVA/nginx.conf.compiled:16
2015/12/10 14:21:10 [alert] 1938#0: lua_code_cache is off; this will hurt performance in /home/takethispie/Documents/VVA/nginx.conf.compiled:16
2015/12/13 22:38:37 [alert] 15429#0: lua_code_cache is off; this will hurt performance in /home/takethispie/Documents/VVA/nginx.conf.compiled:16
2015/12/14 13:28:07 [alert] 2775#0: lua_code_cache is off; this will hurt performance in /home/takethispie/Documents/VVA/nginx.conf.compiled:16
2015/12/15 09:18:51 [alert] 3468#0: lua_code_cache is off; this will hurt performance in /home/takethispie/Documents/VVA/nginx.conf.compiled:16
2015/12/15 10:13:47 [alert] 2689#0: lua_code_cache is off; this will hurt performance in /home/takethispie/Documents/VVA/nginx.conf.compiled:16
2015/12/15 13:28:05 [alert] 2690#0: lua_code_cache is off; this will hurt performance in /home/takethispie/Documents/VVA/nginx.conf.compiled:16
2015/12/17 08:07:31 [alert] 2736#0: lua_code_cache is off; this will hurt performance in /home/takethispie/Documents/VVA/nginx.conf.compiled:16
2015/12/17 10:24:47 [alert] 4615#0: lua_code_cache is off; this will hurt performance in /home/takethispie/Documents/VVA/nginx.conf.compiled:16
2015/12/17 10:26:14 [alert] 2759#0: lua_code_cache is off; this will hurt performance in /home/takethispie/Documents/VVA/nginx.conf.compiled:16
2015/12/17 10:31:23 [alert] 2807#0: lua_code_cache is off; this will hurt performance in /home/takethispie/Documents/VVA/nginx.conf.compiled:16
2015/12/17 15:32:06 [alert] 2795#0: lua_code_cache is off; this will hurt performance in /home/takethispie/Documents/VVA/nginx.conf.compiled:16
2015/12/17 21:04:06 [alert] 7232#0: lua_code_cache is off; this will hurt performance in /run/media/takethispie/Verbatim/BTS/VVA/nginx.conf.compiled:16
2015/12/17 21:22:04 [alert] 18160#0: lua_code_cache is off; this will hurt performance in /home/takethispie/Documents/VVA/nginx.conf.compiled:16
2015/12/17 21:23:10 [alert] 19469#0: lua_code_cache is off; this will hurt performance in /home/takethispie/Documents/VVA/nginx.conf.compiled:16
2015/12/17 21:34:38 [alert] 28537#0: lua_code_cache is off; this will hurt performance in /run/media/takethispie/Verbatim/BTS/PPE/VVA/nginx.conf.compiled:16
2015/12/17 21:36:04 [alert] 28737#0: lua_code_cache is off; this will hurt performance in /run/media/takethispie/Verbatim/BTS/PPE/VVA/nginx.conf.compiled:16
2015/12/17 21:38:07 [alert] 31366#0: lua_code_cache is off; this will hurt performance in /run/media/takethispie/Verbatim/BTS/PPE/VVA/nginx.conf.compiled:16
2015/12/17 21:39:00 [alert] 31411#0: lua_code_cache is off; this will hurt performance in /run/media/takethispie/Verbatim/BTS/PPE/VVA/nginx.conf.compiled:16
2015/12/17 22:37:17 [alert] 10290#0: lua_code_cache is off; this will hurt performance in /media/takethispie/Verbatim/BTS/PPE/VVA/nginx.conf.compiled:16
2015/12/17 23:11:12 [alert] 10966#0: lua_code_cache is off; this will hurt performance in /media/takethispie/Verbatim/BTS/PPE/VVA/nginx.conf.compiled:16
2015/12/18 09:02:43 [alert] 2814#0: lua_code_cache is off; this will hurt performance in /media/takethispie/Verbatim/BTS/PPE/VVA/nginx.conf.compiled:16
2015/12/18 22:08:35 [alert] 21464#0: lua_code_cache is off; this will hurt performance in /media/takethispie/Verbatim/BTS/PPE/VVA/nginx.conf.compiled:16
2015/12/18 22:13:38 [alert] 21659#0: lua_code_cache is off; this will hurt performance in /media/takethispie/Verbatim/BTS/PPE/VVA/nginx.conf.compiled:16
2015/12/18 22:13:38 [emerg] 21659#0: unknown directive "ocation" in /media/takethispie/Verbatim/BTS/PPE/VVA/nginx.conf.compiled:29
2015/12/18 22:14:11 [alert] 21681#0: lua_code_cache is off; this will hurt performance in /media/takethispie/Verbatim/BTS/PPE/VVA/nginx.conf.compiled:16
2015/12/19 00:05:15 [alert] 23047#0: lua_code_cache is off; this will hurt performance in /media/takethispie/Verbatim/BTS/PPE/VVA/nginx.conf.compiled:16
2015/12/19 00:06:07 [alert] 23066#0: lua_code_cache is off; this will hurt performance in /media/takethispie/Verbatim/BTS/PPE/VVA/nginx.conf.compiled:16
2015/12/19 06:37:36 [alert] 3119#0: lua_code_cache is off; this will hurt performance in /media/takethispie/Verbatim/BTS/PPE/VVA/nginx.conf.compiled:16
2015/12/19 07:29:18 [alert] 1920#0: lua_code_cache is off; this will hurt performance in /media/takethispie/Verbatim/BTS/PPE/VVA/nginx.conf.compiled:16
2015/12/19 14:06:44 [alert] 5967#0: lua_code_cache is off; this will hurt performance in /media/takethispie/Verbatim/BTS/PPE/VVA/nginx.conf.compiled:16
2015/12/19 14:08:32 [alert] 5986#0: lua_code_cache is off; this will hurt performance in /media/takethispie/Verbatim/BTS/PPE/VVA/nginx.conf.compiled:16
2015/12/19 14:09:40 [alert] 6074#0: lua_code_cache is off; this will hurt performance in /media/takethispie/Verbatim/BTS/PPE/VVA/nginx.conf.compiled:16
2015/12/19 17:26:04 [alert] 7566#0: lua_code_cache is off; this will hurt performance in /media/takethispie/Verbatim/BTS/PPE/VVA/nginx.conf.compiled:16
2015/12/19 17:34:37 [alert] 7643#0: lua_code_cache is off; this will hurt performance in /media/takethispie/Verbatim/BTS/PPE/VVA/nginx.conf.compiled:16
2015/12/20 14:30:37 [alert] 2203#0: lua_code_cache is off; this will hurt performance in /media/takethispie/Verbatim/BTS/PPE/VVA/nginx.conf.compiled:16
2015/12/20 19:43:30 [alert] 5151#0: lua_code_cache is off; this will hurt performance in /media/takethispie/Verbatim/BTS/PPE/VVA/nginx.conf.compiled:16
2015/12/21 12:53:53 [alert] 2035#0: lua_code_cache is off; this will hurt performance in /media/takethispie/Verbatim/BTS/PPE/VVA/nginx.conf.compiled:16
2015/12/22 11:42:19 [alert] 4460#0: lua_code_cache is off; this will hurt performance in /media/takethispie/Verbatim/BTS/PPE/VVA/nginx.conf.compiled:16
2015/12/23 17:39:23 [alert] 4984#0: lua_code_cache is off; this will hurt performance in /media/takethispie/Verbatim/BTS/PPE/VVA/nginx.conf.compiled:16
2015/12/24 12:39:57 [alert] 3700#0: lua_code_cache is off; this will hurt performance in /media/takethispie/Verbatim/BTS/PPE/VVA/nginx.conf.compiled:16
2016/01/07 22:52:21 [alert] 11645#0: lua_code_cache is off; this will hurt performance in /media/takethispie/Verbatim/BTS/PPE/VVA/nginx.conf.compiled:16
2016/01/08 21:56:22 [alert] 9621#0: lua_code_cache is off; this will hurt performance in /media/takethispie/Verbatim/BTS/PPE/VVA/nginx.conf.compiled:16
2016/01/09 14:46:11 [alert] 3062#0: lua_code_cache is off; this will hurt performance in /media/takethispie/Verbatim/BTS/PPE/VVA/nginx.conf.compiled:16
2016/01/11 20:19:43 [alert] 4778#0: lua_code_cache is off; this will hurt performance in /media/takethispie/Verbatim/BTS/PPE/VVA/nginx.conf.compiled:16
2016/01/12 19:37:28 [alert] 4638#0: lua_code_cache is off; this will hurt performance in /media/takethispie/Verbatim/BTS/PPE/VVA/nginx.conf.compiled:16
2016/01/31 14:18:43 [alert] 28038#0: lua_code_cache is off; this will hurt performance in /media/takethispie/Verbatim/BTS/PPE/VVA/nginx.conf.compiled:16
2016/01/31 14:20:05 [alert] 28115#0: lua_code_cache is off; this will hurt performance in /media/takethispie/Verbatim/BTS/PPE/VVA/nginx.conf.compiled:16
2016/02/04 21:34:52 [alert] 9034#0: lua_code_cache is off; this will hurt performance in /media/takethispie/Verbatim/BTS/PPE/VVA/nginx.conf.compiled:16
2016/02/04 21:47:37 [alert] 9676#0: lua_code_cache is off; this will hurt performance in /media/takethispie/Verbatim/BTS/PPE/VVA/nginx.conf.compiled:16
2016/02/08 17:54:28 [alert] 2963#0: lua_code_cache is off; this will hurt performance in /media/takethispie/Verbatim/BTS/PPE/VVA/nginx.conf.compiled:16
2016/02/08 18:07:01 [alert] 2741#0: lua_code_cache is off; this will hurt performance in /media/takethispie/Verbatim/BTS/PPE/VVA/nginx.conf.compiled:16
